<?xml version="1.0" encoding="UTF-8"?>
<!-- Generated by org.testng.reporters.JUnitReportReporter -->
<testsuite hostname="1-ПК" failures="0" tests="2" name="TestLoginAndLogout" time="618.101" errors="1" timestamp="2021-01-10T21:05:56 EET" skipped="1">
  <testcase classname="TestLoginAndLogout" name="setup" time="618.101">
    <error message="session not created
from timeout: Timed out receiving message from renderer: 600.000
  (Session info: chrome=87.0.4280.88)
Build info: version: &#039;3.141.59&#039;, revision: &#039;e82be7d358&#039;, time: &#039;2018-11-14T08:17:03&#039;
System info: host: &#039;1-ПК&#039;, ip: &#039;192.168.56.1&#039;, os.name: &#039;Windows 7&#039;, os.arch: &#039;amd64&#039;, os.version: &#039;6.1&#039;, java.version: &#039;10.0.2&#039;
Driver info: driver.version: ChromeDriver
remote stacktrace: Backtrace:
	Ordinal0 [0x0157C013+3194899]
	Ordinal0 [0x01466021+2056225]
	Ordinal0 [0x012FF608+587272]
	Ordinal0 [0x012F36EC+538348]
	Ordinal0 [0x012F2A6F+535151]
	Ordinal0 [0x012F2E45+536133]
	Ordinal0 [0x012F27A5+534437]
	Ordinal0 [0x012EF0EA+520426]
	Ordinal0 [0x012F2754+534356]
	Ordinal0 [0x012F25BF+533951]
	Ordinal0 [0x012F23D3+533459]
	Ordinal0 [0x01300620+591392]
	Ordinal0 [0x012A2A0C+207372]
	Ordinal0 [0x012A1D0D+204045]
	Ordinal0 [0x0129FC1B+195611]
	Ordinal0 [0x01283B7F+80767]
	Ordinal0 [0x01284B4E+84814]
	Ordinal0 [0x01284AD9+84697]
	Ordinal0 [0x0147CE64+2149988]
	GetHandleVerifier [0x016EBE95+1400773]
	GetHandleVerifier [0x016EBB61+1399953]
	GetHandleVerifier [0x016F31FA+1430314]
	GetHandleVerifier [0x016EC69F+1402831]
	Ordinal0 [0x01473D61+2112865]
	Ordinal0 [0x0147E5CB+2155979]
	Ordinal0 [0x0147E6F5+2156277]
	Ordinal0 [0x0148F26E+2224750]
	BaseThreadInitThunk [0x756F336A+18]
	RtlInitializeExceptionChain [0x77DC9902+99]
	RtlInitializeExceptionChain [0x77DC98D5+54]
" type="org.openqa.selenium.SessionNotCreatedException">
      <![CDATA[org.openqa.selenium.SessionNotCreatedException: session not created
from timeout: Timed out receiving message from renderer: 600.000
  (Session info: chrome=87.0.4280.88)
Build info: version: '3.141.59', revision: 'e82be7d358', time: '2018-11-14T08:17:03'
System info: host: '1-ПК', ip: '192.168.56.1', os.name: 'Windows 7', os.arch: 'amd64', os.version: '6.1', java.version: '10.0.2'
Driver info: driver.version: ChromeDriver
remote stacktrace: Backtrace:
Ordinal0 [0x0157C013+3194899]
Ordinal0 [0x01466021+2056225]
Ordinal0 [0x012FF608+587272]
Ordinal0 [0x012F36EC+538348]
Ordinal0 [0x012F2A6F+535151]
Ordinal0 [0x012F2E45+536133]
Ordinal0 [0x012F27A5+534437]
Ordinal0 [0x012EF0EA+520426]
Ordinal0 [0x012F2754+534356]
Ordinal0 [0x012F25BF+533951]
Ordinal0 [0x012F23D3+533459]
Ordinal0 [0x01300620+591392]
Ordinal0 [0x012A2A0C+207372]
Ordinal0 [0x012A1D0D+204045]
Ordinal0 [0x0129FC1B+195611]
Ordinal0 [0x01283B7F+80767]
Ordinal0 [0x01284B4E+84814]
Ordinal0 [0x01284AD9+84697]
Ordinal0 [0x0147CE64+2149988]
GetHandleVerifier [0x016EBE95+1400773]
GetHandleVerifier [0x016EBB61+1399953]
GetHandleVerifier [0x016F31FA+1430314]
GetHandleVerifier [0x016EC69F+1402831]
Ordinal0 [0x01473D61+2112865]
Ordinal0 [0x0147E5CB+2155979]
Ordinal0 [0x0147E6F5+2156277]
Ordinal0 [0x0148F26E+2224750]
BaseThreadInitThunk [0x756F336A+18]
RtlInitializeExceptionChain [0x77DC9902+99]
RtlInitializeExceptionChain [0x77DC98D5+54]

at java.base/jdk.internal.reflect.NativeConstructorAccessorImpl.newInstance0(Native Method)
at java.base/jdk.internal.reflect.NativeConstructorAccessorImpl.newInstance(NativeConstructorAccessorImpl.java:62)
at java.base/jdk.internal.reflect.DelegatingConstructorAccessorImpl.newInstance(DelegatingConstructorAccessorImpl.java:45)
at java.base/java.lang.reflect.Constructor.newInstance(Constructor.java:488)
at org.openqa.selenium.remote.W3CHandshakeResponse.lambda$errorHandler$0(W3CHandshakeResponse.java:62)
at org.openqa.selenium.remote.HandshakeResponse.lambda$getResponseFunction$0(HandshakeResponse.java:30)
at org.openqa.selenium.remote.ProtocolHandshake.lambda$createSession$0(ProtocolHandshake.java:126)
at java.base/java.util.stream.ReferencePipeline$3$1.accept(ReferencePipeline.java:195)
at java.base/java.util.Spliterators$ArraySpliterator.tryAdvance(Spliterators.java:958)
at java.base/java.util.stream.ReferencePipeline.forEachWithCancel(ReferencePipeline.java:127)
at java.base/java.util.stream.AbstractPipeline.copyIntoWithCancel(AbstractPipeline.java:502)
at java.base/java.util.stream.AbstractPipeline.copyInto(AbstractPipeline.java:488)
at java.base/java.util.stream.AbstractPipeline.wrapAndCopyInto(AbstractPipeline.java:474)
at java.base/java.util.stream.FindOps$FindOp.evaluateSequential(FindOps.java:150)
at java.base/java.util.stream.AbstractPipeline.evaluate(AbstractPipeline.java:234)
at java.base/java.util.stream.ReferencePipeline.findFirst(ReferencePipeline.java:543)
at org.openqa.selenium.remote.ProtocolHandshake.createSession(ProtocolHandshake.java:128)
at org.openqa.selenium.remote.ProtocolHandshake.createSession(ProtocolHandshake.java:74)
at org.openqa.selenium.remote.HttpCommandExecutor.execute(HttpCommandExecutor.java:136)
at org.openqa.selenium.remote.service.DriverCommandExecutor.execute(DriverCommandExecutor.java:83)
at org.openqa.selenium.remote.RemoteWebDriver.execute(RemoteWebDriver.java:552)
at org.openqa.selenium.remote.RemoteWebDriver.startSession(RemoteWebDriver.java:213)
at org.openqa.selenium.remote.RemoteWebDriver.<init>(RemoteWebDriver.java:131)
at org.openqa.selenium.chrome.ChromeDriver.<init>(ChromeDriver.java:181)
at org.openqa.selenium.chrome.ChromeDriver.<init>(ChromeDriver.java:168)
at org.openqa.selenium.chrome.ChromeDriver.<init>(ChromeDriver.java:123)
at TestLoginAndLogout.setup(TestLoginAndLogout.java:17)
at java.base/jdk.internal.reflect.NativeMethodAccessorImpl.invoke0(Native Method)
at java.base/jdk.internal.reflect.NativeMethodAccessorImpl.invoke(NativeMethodAccessorImpl.java:62)
at java.base/jdk.internal.reflect.DelegatingMethodAccessorImpl.invoke(DelegatingMethodAccessorImpl.java:43)
at java.base/java.lang.reflect.Method.invoke(Method.java:564)
at org.testng.internal.MethodInvocationHelper.invokeMethod(MethodInvocationHelper.java:134)
at org.testng.internal.MethodInvocationHelper.invokeMethodConsideringTimeout(MethodInvocationHelper.java:63)
at org.testng.internal.ConfigInvoker.invokeConfigurationMethod(ConfigInvoker.java:348)
at org.testng.internal.ConfigInvoker.invokeConfigurations(ConfigInvoker.java:302)
at org.testng.internal.TestInvoker.runConfigMethods(TestInvoker.java:695)
at org.testng.internal.TestInvoker.invokeMethod(TestInvoker.java:523)
at org.testng.internal.TestInvoker.invokeTestMethod(TestInvoker.java:173)
at org.testng.internal.MethodRunner.runInSequence(MethodRunner.java:46)
at org.testng.internal.TestInvoker$MethodInvocationAgent.invoke(TestInvoker.java:816)
at org.testng.internal.TestInvoker.invokeTestMethods(TestInvoker.java:146)
at org.testng.internal.TestMethodWorker.invokeTestMethods(TestMethodWorker.java:146)
at org.testng.internal.TestMethodWorker.run(TestMethodWorker.java:128)
at java.base/java.util.ArrayList.forEach(ArrayList.java:1378)
at org.testng.TestRunner.privateRun(TestRunner.java:766)
at org.testng.TestRunner.run(TestRunner.java:587)
at org.testng.SuiteRunner.runTest(SuiteRunner.java:384)
at org.testng.SuiteRunner.runSequentially(SuiteRunner.java:378)
at org.testng.SuiteRunner.privateRun(SuiteRunner.java:337)
at org.testng.SuiteRunner.run(SuiteRunner.java:286)
at org.testng.SuiteRunnerWorker.runSuite(SuiteRunnerWorker.java:53)
at org.testng.SuiteRunnerWorker.run(SuiteRunnerWorker.java:96)
at org.testng.TestNG.runSuitesSequentially(TestNG.java:1187)
at org.testng.TestNG.runSuitesLocally(TestNG.java:1109)
at org.testng.TestNG.runSuites(TestNG.java:1039)
at org.testng.TestNG.run(TestNG.java:1007)
at org.apache.maven.surefire.testng.TestNGExecutor.run(TestNGExecutor.java:283)
at org.apache.maven.surefire.testng.TestNGXmlTestSuite.execute(TestNGXmlTestSuite.java:75)
at org.apache.maven.surefire.testng.TestNGProvider.invoke(TestNGProvider.java:120)
at org.apache.maven.surefire.booter.ForkedBooter.invokeProviderInSameClassLoader(ForkedBooter.java:384)
at org.apache.maven.surefire.booter.ForkedBooter.runSuitesInProcess(ForkedBooter.java:345)
at org.apache.maven.surefire.booter.ForkedBooter.execute(ForkedBooter.java:126)
at org.apache.maven.surefire.booter.ForkedBooter.main(ForkedBooter.java:418)
]]>
    </error>
  </testcase> <!-- setup -->
  <system-out/>
  <testcase classname="TestLoginAndLogout" name="testLogin" time="0.000">
    <skipped/>
  </testcase> <!-- testLogin -->
  <system-out/>
</testsuite> <!-- TestLoginAndLogout -->
